GET /?username=j1234&newUser=true 404 276 - 7.423 ms
GET / 404 276 - 1.081 ms
GET /public/index.html?username=j1234&newUser=true 200 - - 4.981 ms
GET /public/%PUBLIC_URL%/manifest.json 404 176 - 0.745 ms
GET /public/%PUBLIC_URL%/favicon.ico 404 174 - 0.481 ms
GET /public/index.html?username=j1234&newUser=true 404 156 - 5.897 ms
GET /index.html?username=j1234&newUser=true 200 - - 5.357 ms
GET /static/css/main.5f361e03.chunk.css 200 943 - 2.640 ms
GET /static/js/main.ab278b93.chunk.js 200 - - 2.399 ms
GET /static/js/2.3bab11b5.chunk.js 200 - - 2.720 ms
GET /static/css/main.5f361e03.chunk.css.map 200 - - 1.132 ms
GET /static/js/main.ab278b93.chunk.js.map 200 - - 0.993 ms
GET /manifest.json 304 - - 0.792 ms
GET /favicon.ico 304 - - 0.525 ms
GET /logo192.png 304 - - 0.377 ms
GET /static/js/2.3bab11b5.chunk.js.map 200 - - 1.067 ms
GET /index.html?username=j1234&newUser=true 304 - - 0.711 ms
GET /static/css/main.5f361e03.chunk.css 304 - - 0.870 ms
GET /static/js/2.3bab11b5.chunk.js 304 - - 1.612 ms
GET /static/js/main.ab278b93.chunk.js 304 - - 0.786 ms
GET /static/css/main.5f361e03.chunk.css.map 304 - - 0.516 ms
GET /static/js/2.3bab11b5.chunk.js.map 304 - - 0.387 ms
GET /static/js/main.ab278b93.chunk.js.map 304 - - 0.352 ms
GET /manifest.json 304 - - 0.341 ms
GET /favicon.ico 200 - - 0.843 ms
GET /logo192.png 304 - - 0.358 ms
GET /index.html?username=j1234&newUser=true 304 - - 3.605 ms
GET /static/css/main.5f361e03.chunk.css 304 - - 0.858 ms
GET /static/js/2.3bab11b5.chunk.js 304 - - 0.928 ms
GET /static/js/main.ab278b93.chunk.js 304 - - 1.016 ms
GET /static/css/main.5f361e03.chunk.css.map 304 - - 0.437 ms
GET /static/js/2.3bab11b5.chunk.js.map 304 - - 0.358 ms
GET /static/js/main.ab278b93.chunk.js.map 304 - - 0.432 ms
GET /manifest.json 304 - - 1.097 ms
GET /logo192.png 304 - - 0.966 ms
GET /favicon.ico 200 - - 4.721 ms
GET /index.html?username=j1234&newUser=true 304 - - 3.317 ms
GET /static/css/main.5f361e03.chunk.css 304 - - 2.277 ms
GET /static/js/2.3bab11b5.chunk.js 304 - - 1.628 ms
GET /static/js/main.ab278b93.chunk.js 304 - - 1.285 ms
GET /static/css/main.5f361e03.chunk.css.map 304 - - 0.376 ms
GET /static/js/2.3bab11b5.chunk.js.map 304 - - 0.288 ms
GET /static/js/main.ab278b93.chunk.js.map 304 - - 0.338 ms
GET /manifest.json 304 - - 1.326 ms
GET /logo192.png 304 - - 1.295 ms
GET /favicon.ico 200 - - 5.164 ms
GET /index.html?username=j1234&newUser=true 304 - - 0.573 ms
GET /static/css/main.5f361e03.chunk.css 304 - - 0.546 ms
GET /static/js/2.3bab11b5.chunk.js 304 - - 0.701 ms
GET /static/js/main.ab278b93.chunk.js 304 - - 0.614 ms
GET /static/css/main.5f361e03.chunk.css.map 304 - - 0.258 ms
GET /static/js/2.3bab11b5.chunk.js.map 304 - - 0.360 ms
GET /static/js/main.ab278b93.chunk.js.map 304 - - 0.555 ms
GET /manifest.json 304 - - 0.367 ms
GET /favicon.ico 200 - - 0.962 ms
GET /logo192.png 304 - - 0.472 ms
GET /index.html?username=j1234&newUser=true 304 - - 0.321 ms
GET /static/css/main.5f361e03.chunk.css 304 - - 0.855 ms
GET /static/js/2.3bab11b5.chunk.js 304 - - 0.824 ms
GET /static/js/main.ab278b93.chunk.js 304 - - 0.804 ms
GET /static/css/main.5f361e03.chunk.css.map 304 - - 0.366 ms
GET /static/js/2.3bab11b5.chunk.js.map 304 - - 0.297 ms
GET /static/js/main.ab278b93.chunk.js.map 304 - - 0.384 ms
GET /manifest.json 304 - - 0.362 ms
GET /favicon.ico 200 - - 0.727 ms
GET /logo192.png 304 - - 0.386 ms
GET /index.html?username=j1234&newUser=true 304 - - 4.164 ms
GET /static/css/main.5f361e03.chunk.css 304 - - 1.453 ms
GET /static/js/2.3bab11b5.chunk.js 304 - - 1.593 ms
GET /static/js/main.ab278b93.chunk.js 304 - - 1.531 ms
GET /static/css/main.5f361e03.chunk.css.map 304 - - 0.367 ms
GET /static/js/2.3bab11b5.chunk.js.map 304 - - 0.316 ms
GET /static/js/main.ab278b93.chunk.js.map 304 - - 0.325 ms
GET /manifest.json 304 - - 1.060 ms
GET /favicon.ico 200 3150 - 2.104 ms
GET /logo192.png 304 - - 0.282 ms
GET /index.html?username=j1234&newUser=true 304 - - 0.268 ms
GET /static/css/main.5f361e03.chunk.css 304 - - 0.918 ms
GET /static/js/2.3bab11b5.chunk.js 304 - - 0.866 ms
GET /static/js/main.ab278b93.chunk.js 304 - - 0.881 ms
GET /static/css/main.5f361e03.chunk.css.map 304 - - 0.276 ms
GET /static/js/2.3bab11b5.chunk.js.map 304 - - 0.361 ms
GET /static/js/main.ab278b93.chunk.js.map 304 - - 0.330 ms
GET /manifest.json 304 - - 0.449 ms
GET /favicon.ico 200 3150 - 0.862 ms
GET /logo192.png 304 - - 0.320 ms
GET /index.html?username=j1234&newUser=true 304 - - 3.690 ms
GET /static/css/main.5f361e03.chunk.css 304 - - 1.988 ms
GET /static/js/2.3bab11b5.chunk.js 304 - - 1.331 ms
GET /static/js/main.ab278b93.chunk.js 304 - - 0.493 ms
GET /static/css/main.5f361e03.chunk.css.map 304 - - 0.351 ms
GET /static/js/2.3bab11b5.chunk.js.map 304 - - 0.705 ms
GET /manifest.json 304 - - 1.648 ms
GET /static/js/main.ab278b93.chunk.js.map 304 - - 4.416 ms
GET /favicon.ico 200 - - 6.221 ms
GET /logo192.png 304 - - 1.386 ms
GET /index.html?username=j1234&newUser=true 304 - - 0.748 ms
GET /static/css/main.5f361e03.chunk.css 304 - - 1.579 ms
GET /static/js/2.3bab11b5.chunk.js 304 - - 1.196 ms
GET /static/js/main.ab278b93.chunk.js 304 - - 1.033 ms
GET /static/css/main.5f361e03.chunk.css.map 304 - - 0.409 ms
GET /static/js/2.3bab11b5.chunk.js.map 304 - - 0.385 ms
GET /static/js/main.ab278b93.chunk.js.map 304 - - 0.455 ms
GET /manifest.json 304 - - 0.617 ms
GET /favicon.ico 200 - - 1.199 ms
GET /logo192.png 304 - - 0.355 ms
GET /index.html?username=j1234&newUser=true 304 - - 0.391 ms
GET /static/css/main.5f361e03.chunk.css 304 - - 1.659 ms
GET /static/js/2.3bab11b5.chunk.js 304 - - 1.513 ms
GET /static/js/main.ab278b93.chunk.js 304 - - 1.362 ms
GET /static/css/main.5f361e03.chunk.css.map 304 - - 0.366 ms
GET /static/js/2.3bab11b5.chunk.js.map 304 - - 0.351 ms
GET /static/js/main.ab278b93.chunk.js.map 304 - - 0.420 ms
GET /manifest.json 304 - - 0.448 ms
GET /favicon.ico 200 - - 0.804 ms
GET /logo192.png 304 - - 0.398 ms
GET /index.html?username=j1234&newUser=true 304 - - 3.874 ms
GET /static/css/main.5f361e03.chunk.css 304 - - 1.095 ms
GET /static/js/2.3bab11b5.chunk.js 304 - - 1.266 ms
GET /static/js/main.ab278b93.chunk.js 304 - - 1.076 ms
GET /static/css/main.5f361e03.chunk.css.map 304 - - 0.348 ms
GET /static/js/2.3bab11b5.chunk.js.map 304 - - 0.357 ms
GET /static/js/main.ab278b93.chunk.js.map 304 - - 0.658 ms
GET /manifest.json 304 - - 1.540 ms
GET /favicon.ico 200 - - 5.783 ms
GET /logo192.png 304 - - 1.241 ms
GET /index.html?username=j1234&newUser=true 304 - - 0.340 ms
GET /static/css/main.5f361e03.chunk.css 304 - - 0.852 ms
GET /static/js/2.3bab11b5.chunk.js 304 - - 1.337 ms
GET /static/js/main.ab278b93.chunk.js 304 - - 1.002 ms
GET /static/css/main.5f361e03.chunk.css.map 304 - - 0.325 ms
GET /static/js/2.3bab11b5.chunk.js.map 304 - - 0.406 ms
GET /manifest.json 304 - - 0.585 ms
GET /static/js/main.ab278b93.chunk.js.map 304 - - 0.591 ms
GET /favicon.ico 200 - - 1.379 ms
GET /logo192.png 304 - - 0.389 ms
GET /index.html?username=j1234&newUser=true 304 - - 0.291 ms
GET /static/css/main.5f361e03.chunk.css 304 - - 1.237 ms
GET /static/js/2.3bab11b5.chunk.js 304 - - 1.092 ms
GET /static/js/main.ab278b93.chunk.js 304 - - 0.956 ms
GET /static/css/main.5f361e03.chunk.css.map 304 - - 0.301 ms
GET /static/js/2.3bab11b5.chunk.js.map 304 - - 0.350 ms
GET /static/js/main.ab278b93.chunk.js.map 304 - - 0.386 ms
GET /manifest.json 304 - - 0.494 ms
GET /favicon.ico 200 - - 0.651 ms
GET /logo192.png 304 - - 0.402 ms
GET /index.html?username=j1234&newUser=true 304 - - 3.528 ms
GET /static/css/main.5f361e03.chunk.css 304 - - 1.511 ms
GET /static/js/2.3bab11b5.chunk.js 304 - - 1.087 ms
GET /static/js/main.ab278b93.chunk.js 304 - - 1.000 ms
GET /static/css/main.5f361e03.chunk.css.map 304 - - 0.497 ms
GET /static/js/2.3bab11b5.chunk.js.map 304 - - 0.375 ms
GET /static/js/main.ab278b93.chunk.js.map 304 - - 0.398 ms
GET /manifest.json 304 - - 1.133 ms
GET /logo192.png 304 - - 1.227 ms
GET /favicon.ico 200 - - 4.900 ms
GET /index.html?username=j1234&newUser=true 304 - - 0.353 ms
GET /static/css/main.5f361e03.chunk.css 304 - - 0.576 ms
GET /static/js/2.3bab11b5.chunk.js 304 - - 1.041 ms
GET /static/js/main.ab278b93.chunk.js 304 - - 0.781 ms
GET /static/css/main.5f361e03.chunk.css.map 304 - - 0.462 ms
GET /static/js/2.3bab11b5.chunk.js.map 304 - - 0.372 ms
GET /manifest.json 304 - - 0.771 ms
GET /static/js/main.ab278b93.chunk.js.map 304 - - 0.774 ms
GET /favicon.ico 200 - - 1.474 ms
GET /logo192.png 304 - - 0.386 ms
GET /index.html?username=j1234&newUser=true 304 - - 0.756 ms
GET /static/css/main.5f361e03.chunk.css 304 - - 1.122 ms
GET /static/js/2.3bab11b5.chunk.js 304 - - 1.308 ms
GET /static/js/main.ab278b93.chunk.js 304 - - 0.645 ms
GET /static/css/main.5f361e03.chunk.css.map 304 - - 0.387 ms
GET /static/js/2.3bab11b5.chunk.js.map 304 - - 0.326 ms
GET /static/js/main.ab278b93.chunk.js.map 304 - - 0.425 ms
GET /manifest.json 304 - - 0.603 ms
GET /favicon.ico 200 - - 0.963 ms
GET /logo192.png 304 - - 0.419 ms
GET /index.html?username=j1234&newUser=true 304 - - 1.044 ms
GET /static/css/main.5f361e03.chunk.css 304 - - 2.518 ms
GET /static/js/2.3bab11b5.chunk.js 304 - - 2.642 ms
GET /static/js/main.ab278b93.chunk.js 304 - - 2.323 ms
GET /static/css/main.5f361e03.chunk.css.map 304 - - 0.511 ms
GET /static/js/2.3bab11b5.chunk.js.map 304 - - 0.483 ms
GET /static/js/main.ab278b93.chunk.js.map 304 - - 0.425 ms
GET /manifest.json 304 - - 0.381 ms
GET /favicon.ico 200 - - 1.198 ms
GET /logo192.png 304 - - 0.494 ms
GET / 200 - - 1.152 ms
GET /static/css/main.5f361e03.chunk.css 304 - - 1.454 ms
GET /static/js/2.3bab11b5.chunk.js 304 - - 1.265 ms
GET /static/js/main.ab278b93.chunk.js 304 - - 1.147 ms
GET /static/js/2.3bab11b5.chunk.js.map 304 - - 1.762 ms
GET /static/js/main.ab278b93.chunk.js.map 304 - - 1.101 ms
GET /static/css/main.5f361e03.chunk.css.map 304 - - 0.721 ms
GET /manifest.json 304 - - 0.976 ms
GET /logo192.png 304 - - 0.315 ms
GET / 200 755 - 6.398 ms
GET /static/css/main.8c756e0d.chunk.css 200 558 - 3.766 ms
GET /static/js/runtime-main.af4f6429.js 200 - - 6.520 ms
GET /static/js/main.ab278b93.chunk.js 200 - - 5.281 ms
GET /static/js/2.3bab11b5.chunk.js 200 - - 5.696 ms
GET /static/css/main.8c756e0d.chunk.css.map 200 960 - 0.584 ms
GET /static/js/runtime-main.af4f6429.js.map 200 - - 1.013 ms
GET /manifest.json 200 493 - 1.546 ms
GET /favicon.ico 200 - - 1.257 ms
GET /static/js/main.ab278b93.chunk.js.map 200 - - 1.967 ms
POST /db 200 4 - 45.900 ms
GET /static/js/2.3bab11b5.chunk.js.map 200 - - 1.476 ms
GET / 200 755 - 4.950 ms
GET /static/css/main.8c756e0d.chunk.css 200 558 - 2.283 ms
GET /static/js/runtime-main.af4f6429.js 200 - - 5.559 ms
GET /static/js/main.e061a43d.chunk.js 200 - - 6.785 ms
GET /static/js/2.3bab11b5.chunk.js 200 - - 6.212 ms
GET /static/css/main.8c756e0d.chunk.css.map 200 960 - 0.635 ms
GET /static/js/runtime-main.af4f6429.js.map 200 - - 0.851 ms
GET /manifest.json 304 - - 0.688 ms
GET /favicon.ico 200 - - 1.697 ms
GET /static/js/main.e061a43d.chunk.js.map 200 - - 1.948 ms
POST /db 200 4 - 48.434 ms
GET /static/js/2.3bab11b5.chunk.js.map 200 - - 1.870 ms
GET / 200 755 - 5.263 ms
GET /static/css/main.8c756e0d.chunk.css 200 558 - 4.325 ms
GET /static/js/runtime-main.af4f6429.js 200 - - 5.816 ms
GET /static/js/main.ff3f1f73.chunk.js 200 - - 4.851 ms
GET /static/js/2.5e8faff6.chunk.js 200 - - 5.546 ms
GET /static/css/main.8c756e0d.chunk.css.map 200 960 - 0.883 ms
GET /static/js/runtime-main.af4f6429.js.map 200 - - 0.883 ms
GET /manifest.json 304 - - 0.877 ms
GET /favicon.ico 200 - - 2.067 ms
GET /static/js/main.ff3f1f73.chunk.js.map 200 - - 2.119 ms
GET /static/js/2.5e8faff6.chunk.js.map 200 - - 2.100 ms
POST /db 200 4 - 48.700 ms
GET / 304 - - 0.551 ms
GET /static/css/main.8c756e0d.chunk.css 304 - - 1.237 ms
GET /static/js/runtime-main.af4f6429.js 304 - - 0.998 ms
GET /static/js/2.5e8faff6.chunk.js 304 - - 0.842 ms
GET /static/js/main.ff3f1f73.chunk.js 304 - - 0.847 ms
GET /static/css/main.8c756e0d.chunk.css.map 304 - - 0.467 ms
GET /static/js/runtime-main.af4f6429.js.map 304 - - 0.769 ms
GET /static/js/2.5e8faff6.chunk.js.map 304 - - 0.623 ms
GET /static/js/main.ff3f1f73.chunk.js.map 304 - - 0.388 ms
GET /manifest.json 304 - - 0.539 ms
GET /favicon.ico 200 - - 0.830 ms
POST /db 200 4 - 30.436 ms
GET / 200 755 - 6.750 ms
GET /static/css/main.8c756e0d.chunk.css 200 558 - 4.439 ms
GET /static/js/runtime-main.af4f6429.js 200 - - 7.469 ms
GET /static/js/main.1b352dcd.chunk.js 200 - - 7.940 ms
GET /static/js/2.5e8faff6.chunk.js 200 - - 7.557 ms
GET /static/css/main.8c756e0d.chunk.css.map 200 960 - 1.013 ms
GET /static/js/runtime-main.af4f6429.js.map 200 - - 1.063 ms
GET /manifest.json 304 - - 0.799 ms
GET /favicon.ico 200 - - 1.973 ms
GET /static/js/main.1b352dcd.chunk.js.map 200 - - 2.549 ms
POST /db 200 4 - 43.261 ms
GET /static/js/2.5e8faff6.chunk.js.map 200 - - 2.297 ms
GET / 200 755 - 5.421 ms
GET /static/css/main.8c756e0d.chunk.css 200 558 - 1.410 ms
GET /static/js/main.7a3ae93e.chunk.js 200 - - 5.856 ms
GET /static/js/runtime-main.af4f6429.js 200 - - 5.636 ms
GET /static/js/2.5e8faff6.chunk.js 200 - - 5.342 ms
GET /static/css/main.8c756e0d.chunk.css.map 200 960 - 0.585 ms
GET /static/js/runtime-main.af4f6429.js.map 200 - - 0.824 ms
GET /manifest.json 304 - - 0.919 ms
GET /favicon.ico 200 - - 1.733 ms
GET /static/js/main.7a3ae93e.chunk.js.map 200 - - 2.025 ms
POST /db 200 4 - 47.749 ms
GET /static/js/2.5e8faff6.chunk.js.map 200 - - 2.638 ms
GET / 304 - - 0.454 ms
GET /static/css/main.8c756e0d.chunk.css 304 - - 0.619 ms
GET /static/js/runtime-main.af4f6429.js 304 - - 0.822 ms
GET /static/js/2.5e8faff6.chunk.js 304 - - 0.852 ms
GET /static/js/main.7a3ae93e.chunk.js 304 - - 0.935 ms
GET /static/css/main.8c756e0d.chunk.css.map 304 - - 0.484 ms
GET /static/js/runtime-main.af4f6429.js.map 304 - - 0.421 ms
GET /static/js/2.5e8faff6.chunk.js.map 304 - - 0.494 ms
GET /static/js/main.7a3ae93e.chunk.js.map 304 - - 0.388 ms
POST /db 200 4 - 28.965 ms
GET /manifest.json 304 - - 0.451 ms
GET /favicon.ico 200 - - 0.688 ms
GET / 200 755 - 6.461 ms
GET /static/css/main.8c756e0d.chunk.css 200 558 - 6.130 ms
GET /static/js/runtime-main.af4f6429.js 200 - - 7.245 ms
GET /static/js/main.fff30769.chunk.js 200 - - 6.130 ms
GET /static/js/2.5e8faff6.chunk.js 200 - - 6.577 ms
GET /static/css/main.8c756e0d.chunk.css.map 200 960 - 0.853 ms
GET /static/js/runtime-main.af4f6429.js.map 200 - - 0.939 ms
GET /manifest.json 304 - - 0.817 ms
GET /favicon.ico 200 - - 1.830 ms
GET /static/js/main.fff30769.chunk.js.map 200 - - 3.060 ms
POST /db 200 4 - 45.380 ms
GET /static/js/2.5e8faff6.chunk.js.map 200 - - 2.489 ms
GET / 200 755 - 5.731 ms
GET /static/css/main.8c756e0d.chunk.css 200 558 - 4.231 ms
GET /static/js/runtime-main.af4f6429.js 200 - - 6.943 ms
GET /static/js/main.2dc7d535.chunk.js 200 - - 6.724 ms
GET /static/js/2.3bab11b5.chunk.js 200 - - 6.524 ms
GET /static/css/main.8c756e0d.chunk.css.map 200 960 - 1.084 ms
GET /static/js/runtime-main.af4f6429.js.map 200 - - 0.770 ms
GET /manifest.json 304 - - 0.586 ms
GET /favicon.ico 200 - - 1.559 ms
GET /static/js/main.2dc7d535.chunk.js.map 200 - - 1.771 ms
GET /static/js/2.3bab11b5.chunk.js.map 200 - - 1.690 ms
POST /db 200 4 - 48.774 ms
GET / 200 755 - 5.275 ms
GET /static/css/main.8c756e0d.chunk.css 200 558 - 1.157 ms
GET /static/js/runtime-main.af4f6429.js 200 - - 6.175 ms
GET /static/js/main.9ed34c71.chunk.js 200 - - 6.709 ms
GET /static/js/2.3bab11b5.chunk.js 200 - - 6.597 ms
GET /manifest.json 200 492 - 0.636 ms
GET /favicon.ico 200 - - 0.799 ms
GET /static/css/main.8c756e0d.chunk.css.map 200 960 - 0.808 ms
GET /logo192.png 304 - - 0.662 ms
GET /static/js/runtime-main.af4f6429.js.map 200 - - 0.865 ms
GET /static/js/main.9ed34c71.chunk.js.map 200 - - 1.438 ms
POST /db 200 4 - 56.737 ms
GET /static/js/2.3bab11b5.chunk.js.map 200 - - 1.225 ms
GET / 200 755 - 5.997 ms
GET /static/css/main.8c756e0d.chunk.css 200 558 - 2.789 ms
GET /static/js/runtime-main.af4f6429.js 200 - - 4.606 ms
GET /static/js/main.15dcfeca.chunk.js 200 - - 3.884 ms
GET /static/js/2.3bab11b5.chunk.js 200 - - 3.587 ms
GET /static/css/main.8c756e0d.chunk.css.map 200 960 - 0.750 ms
GET /static/js/runtime-main.af4f6429.js.map 200 - - 0.822 ms
GET /manifest.json 304 - - 0.609 ms
GET /favicon.ico 200 - - 1.686 ms
GET /static/js/main.15dcfeca.chunk.js.map 200 - - 2.026 ms
GET /logo192.png 304 - - 0.450 ms
GET /static/js/2.3bab11b5.chunk.js.map 200 - - 1.567 ms
POST /db 200 4 - 50.300 ms
GET / 200 755 - 5.129 ms
GET /static/css/main.8c756e0d.chunk.css 200 558 - 2.226 ms
GET /static/js/runtime-main.af4f6429.js 200 - - 4.229 ms
GET /static/js/main.e3a201a3.chunk.js 200 - - 4.982 ms
GET /static/js/2.3bab11b5.chunk.js 200 - - 5.120 ms
GET /static/css/main.8c756e0d.chunk.css.map 200 960 - 0.640 ms
GET /static/js/runtime-main.af4f6429.js.map 200 - - 0.653 ms
GET /static/js/main.e3a201a3.chunk.js.map 200 - - 1.354 ms
GET /manifest.json 304 - - 0.634 ms
GET /favicon.ico 200 - - 1.502 ms
GET /logo192.png 304 - - 0.427 ms
POST /db 200 4 - 48.668 ms
GET /static/js/2.3bab11b5.chunk.js.map 200 - - 1.166 ms
GET / 304 - - 0.604 ms
GET /static/css/main.8c756e0d.chunk.css 304 - - 2.568 ms
GET /static/js/runtime-main.af4f6429.js 304 - - 2.451 ms
GET /static/js/2.3bab11b5.chunk.js 304 - - 1.904 ms
GET /static/js/main.e3a201a3.chunk.js 304 - - 1.677 ms
GET /static/css/main.8c756e0d.chunk.css.map 304 - - 0.383 ms
GET /static/js/runtime-main.af4f6429.js.map 304 - - 1.046 ms
GET /static/js/2.3bab11b5.chunk.js.map 304 - - 0.920 ms
GET /static/js/main.e3a201a3.chunk.js.map 304 - - 0.435 ms
GET /manifest.json 304 - - 0.602 ms
GET /favicon.ico 200 - - 1.663 ms
GET /logo192.png 304 - - 0.461 ms
POST /db 200 4 - 30.052 ms
GET / 200 755 - 5.690 ms
GET /static/css/main.8c756e0d.chunk.css 200 558 - 3.167 ms
GET /static/js/runtime-main.af4f6429.js 200 - - 5.039 ms
GET /static/js/main.2b8cb816.chunk.js 200 - - 5.037 ms
GET /static/js/2.3bab11b5.chunk.js 200 - - 5.166 ms
GET /static/css/main.8c756e0d.chunk.css.map 200 960 - 0.682 ms
GET /static/js/runtime-main.af4f6429.js.map 200 - - 0.834 ms
GET /manifest.json 304 - - 0.588 ms
GET /favicon.ico 200 - - 1.529 ms
GET /static/js/main.2b8cb816.chunk.js.map 200 - - 1.763 ms
GET /logo192.png 304 - - 0.374 ms
POST /db 200 4 - 48.784 ms
GET /static/js/2.3bab11b5.chunk.js.map 200 - - 1.667 ms
GET / 200 829 - 5.200 ms
GET /static/css/main.8c756e0d.chunk.css 200 558 - 2.759 ms
GET /static/js/runtime-main.af4f6429.js 200 - - 5.508 ms
GET /static/js/main.2b8cb816.chunk.js 200 - - 5.579 ms
GET /static/js/2.3bab11b5.chunk.js 200 - - 5.703 ms
GET /static/js/runtime-main.af4f6429.js.map 200 - - 1.316 ms
GET /static/js/main.2b8cb816.chunk.js.map 200 - - 1.274 ms
GET /static/css/main.8c756e0d.chunk.css.map 200 960 - 0.673 ms
GET /manifest.json 304 - - 0.623 ms
GET /favicon.ico 200 - - 1.712 ms
POST /db 200 4 - 42.904 ms
GET /logo192.png 304 - - 0.478 ms
GET /static/js/2.3bab11b5.chunk.js.map 200 - - 1.294 ms
GET / 200 829 - 6.079 ms
GET /static/css/main.8c756e0d.chunk.css 200 558 - 2.958 ms
GET /static/js/runtime-main.af4f6429.js 200 - - 4.119 ms
GET /static/js/main.35668116.chunk.js 200 - - 4.032 ms
GET /static/js/2.3bab11b5.chunk.js 200 - - 3.988 ms
GET /manifest.json 304 - - 0.585 ms
GET /favicon.ico 200 - - 1.467 ms
GET /logo192.png 304 - - 0.385 ms
POST /db 200 4 - 44.316 ms
GET /static/css/main.8c756e0d.chunk.css 304 - - 1.478 ms
GET /manifest.json 304 - - 1.024 ms
GET /static/js/runtime-main.af4f6429.js.map 200 - - 1.367 ms
GET /static/js/main.35668116.chunk.js.map 200 - - 1.581 ms
GET /static/css/main.8c756e0d.chunk.css.map 200 960 - 1.885 ms
GET /static/js/2.3bab11b5.chunk.js.map 200 - - 1.484 ms
GET / 200 829 - 5.622 ms
GET /static/css/main.8c756e0d.chunk.css 200 558 - 2.393 ms
GET /static/js/main.cea9633d.chunk.js 200 - - 5.924 ms
GET /static/js/runtime-main.af4f6429.js 200 - - 6.297 ms
GET /static/js/2.3bab11b5.chunk.js 200 - - 6.282 ms
GET /static/css/main.8c756e0d.chunk.css.map 200 960 - 0.637 ms
GET /manifest.json 304 - - 0.891 ms
GET /static/js/runtime-main.af4f6429.js.map 200 - - 2.652 ms
GET /favicon.ico 200 - - 1.904 ms
GET /static/js/main.cea9633d.chunk.js.map 200 - - 2.474 ms
GET /logo192.png 304 - - 0.397 ms
GET /static/js/2.3bab11b5.chunk.js.map 200 - - 2.570 ms
POST /db 200 4 - 59.478 ms
GET / 200 829 - 5.271 ms
GET /static/css/main.8c756e0d.chunk.css 200 558 - 3.318 ms
GET /static/js/runtime-main.af4f6429.js 200 - - 6.281 ms
GET /static/js/main.b27f3d4f.chunk.js 200 - - 6.177 ms
GET /static/js/2.3bab11b5.chunk.js 200 - - 6.655 ms
GET /static/js/runtime-main.af4f6429.js.map 200 - - 1.165 ms
GET /static/js/main.b27f3d4f.chunk.js.map 200 - - 1.141 ms
GET /manifest.json 304 - - 0.789 ms
GET /static/css/main.8c756e0d.chunk.css.map 200 960 - 1.410 ms
GET /favicon.ico 200 - - 1.789 ms
GET /logo192.png 304 - - 0.418 ms
POST /db 200 4 - 53.305 ms
GET /static/js/2.3bab11b5.chunk.js.map 200 - - 1.077 ms
GET / 200 829 - 5.484 ms
GET /static/css/main.8c756e0d.chunk.css 200 558 - 1.936 ms
GET /static/js/runtime-main.af4f6429.js 200 - - 4.450 ms
GET /static/js/main.bca93143.chunk.js 200 - - 2.822 ms
GET /static/js/2.3bab11b5.chunk.js 200 - - 2.343 ms
GET /static/js/runtime-main.af4f6429.js.map 200 - - 1.106 ms
GET /static/js/main.bca93143.chunk.js.map 200 - - 1.177 ms
GET /static/css/main.8c756e0d.chunk.css.map 200 960 - 0.704 ms
GET /manifest.json 304 - - 0.826 ms
GET /favicon.ico 200 - - 1.101 ms
GET /logo192.png 304 - - 0.405 ms
POST /db 200 4 - 44.972 ms
GET /static/js/2.3bab11b5.chunk.js.map 200 - - 1.085 ms
GET / 200 829 - 5.749 ms
GET /static/css/main.8c756e0d.chunk.css 200 558 - 3.331 ms
GET /static/js/main.c3d52470.chunk.js 200 - - 6.111 ms
GET /static/js/runtime-main.af4f6429.js 200 - - 6.422 ms
GET /static/js/2.3bab11b5.chunk.js 200 - - 6.461 ms
GET /static/js/runtime-main.af4f6429.js.map 200 - - 1.374 ms
GET /static/js/main.c3d52470.chunk.js.map 200 - - 1.373 ms
GET /static/css/main.8c756e0d.chunk.css.map 200 960 - 0.951 ms
GET /manifest.json 304 - - 0.763 ms
GET /favicon.ico 200 - - 1.649 ms
GET /logo192.png 304 - - 0.427 ms
POST /db 200 4 - 50.167 ms
GET /static/js/2.3bab11b5.chunk.js.map 200 - - 1.312 ms
GET / 200 829 - 5.342 ms
GET /static/css/main.8c756e0d.chunk.css 200 558 - 2.381 ms
GET /static/js/main.880a22bd.chunk.js 200 - - 5.875 ms
GET /static/js/runtime-main.af4f6429.js 200 - - 6.239 ms
GET /static/js/2.3bab11b5.chunk.js 200 - - 6.194 ms
GET /static/js/runtime-main.af4f6429.js.map 200 - - 2.230 ms
GET /static/js/main.880a22bd.chunk.js.map 200 - - 3.305 ms
GET /static/css/main.8c756e0d.chunk.css.map 200 960 - 0.740 ms
GET /manifest.json 304 - - 0.512 ms
GET /favicon.ico 200 - - 1.345 ms
GET /logo192.png 304 - - 0.543 ms
POST /db 200 4 - 49.496 ms
GET /static/js/2.3bab11b5.chunk.js.map 200 - - 2.144 ms
GET / 200 829 - 5.514 ms
GET /static/css/main.8c756e0d.chunk.css 200 558 - 3.042 ms
GET /static/js/runtime-main.af4f6429.js 200 - - 5.438 ms
GET /static/js/main.9b175801.chunk.js 200 - - 5.462 ms
GET /static/js/2.3bab11b5.chunk.js 200 - - 6.011 ms
GET /static/css/main.8c756e0d.chunk.css.map 200 960 - 0.668 ms
GET /manifest.json 304 - - 0.939 ms
GET /static/js/runtime-main.af4f6429.js.map 200 - - 2.220 ms
GET /favicon.ico 200 - - 1.994 ms
GET /static/js/main.9b175801.chunk.js.map 200 - - 2.514 ms
GET /logo192.png 304 - - 0.370 ms
POST /db 200 4 - 48.254 ms
GET /static/js/2.3bab11b5.chunk.js.map 200 - - 1.990 ms
GET / 200 829 - 5.924 ms
GET /static/css/main.8c756e0d.chunk.css 200 558 - 6.871 ms
GET /static/js/main.3f996c9f.chunk.js 200 - - 5.099 ms
GET /static/js/runtime-main.af4f6429.js 200 - - 5.678 ms
GET /static/js/2.3bab11b5.chunk.js 200 - - 5.844 ms
GET /static/js/runtime-main.af4f6429.js.map 200 - - 1.276 ms
GET /static/js/main.3f996c9f.chunk.js.map 200 - - 1.147 ms
GET /static/css/main.8c756e0d.chunk.css.map 200 960 - 0.942 ms
POST /db 200 4 - 43.015 ms
GET /manifest.json 304 - - 0.994 ms
GET /favicon.ico 200 - - 1.099 ms
GET /static/js/2.3bab11b5.chunk.js.map 200 - - 1.160 ms
GET /logo192.png 304 - - 0.352 ms
GET / 200 829 - 5.514 ms
GET /static/css/main.8c756e0d.chunk.css 200 558 - 2.511 ms
GET /static/js/runtime-main.af4f6429.js 200 - - 4.521 ms
GET /static/js/main.d19ab6b2.chunk.js 200 - - 5.868 ms
GET /static/js/2.3bab11b5.chunk.js 200 - - 5.279 ms
GET /static/js/runtime-main.af4f6429.js.map 200 - - 1.305 ms
GET /static/js/main.d19ab6b2.chunk.js.map 200 - - 1.275 ms
GET /static/css/main.8c756e0d.chunk.css.map 200 960 - 0.951 ms
GET /manifest.json 304 - - 0.708 ms
GET /favicon.ico 200 - - 1.529 ms
GET /logo192.png 304 - - 0.296 ms
POST /db 200 4 - 48.446 ms
GET /static/js/2.3bab11b5.chunk.js.map 200 - - 1.284 ms
GET / 404 276 - 5.361 ms
GET / 200 829 - 5.142 ms
GET /static/css/main.8c756e0d.chunk.css 200 558 - 2.232 ms
GET /static/js/runtime-main.af4f6429.js 200 - - 6.092 ms
GET /static/js/main.bfb1570e.chunk.js 200 - - 2.409 ms
GET /static/js/2.3bab11b5.chunk.js 200 - - 6.605 ms
GET /static/js/runtime-main.af4f6429.js.map 200 - - 1.169 ms
GET /static/js/main.bfb1570e.chunk.js.map 200 - - 1.222 ms
GET /static/css/main.8c756e0d.chunk.css.map 200 960 - 0.980 ms
GET /manifest.json 304 - - 0.564 ms
GET /favicon.ico 200 - - 0.907 ms
GET /logo192.png 304 - - 0.569 ms
POST /db 200 4 - 47.027 ms
GET /static/js/2.3bab11b5.chunk.js.map 200 - - 1.297 ms
GET / 200 829 - 5.338 ms
GET /static/css/main.8c756e0d.chunk.css 200 558 - 6.189 ms
GET /static/js/main.fb29133f.chunk.js 200 - - 6.553 ms
GET /static/js/runtime-main.af4f6429.js 200 - - 7.597 ms
GET /static/js/2.3bab11b5.chunk.js 200 - - 7.767 ms
GET /static/js/runtime-main.af4f6429.js.map 200 - - 2.303 ms
GET /static/css/main.8c756e0d.chunk.css.map 200 960 - 2.140 ms
GET /static/js/main.fb29133f.chunk.js.map 200 - - 2.489 ms
GET /manifest.json 304 - - 1.188 ms
GET /favicon.ico 200 - - 1.399 ms
GET /logo192.png 304 - - 0.457 ms
POST /db 200 4 - 49.943 ms
GET /static/js/2.3bab11b5.chunk.js.map 200 - - 2.496 ms
POST /add 200 244 - 35.202 ms
GET / 200 829 - 7.372 ms
GET /static/css/main.8c756e0d.chunk.css 200 558 - 4.546 ms
GET /static/js/main.53b8e2ff.chunk.js 200 - - 5.264 ms
GET /static/js/runtime-main.af4f6429.js 200 - - 4.966 ms
GET /static/js/2.3bab11b5.chunk.js 200 - - 5.165 ms
GET /static/js/runtime-main.af4f6429.js.map 200 - - 1.266 ms
GET /static/js/main.53b8e2ff.chunk.js.map 200 - - 1.232 ms
GET /manifest.json 304 - - 0.734 ms
GET /favicon.ico 200 - - 1.877 ms
POST /db 200 4 - 45.974 ms
GET /logo192.png 304 - - 0.428 ms
GET /static/css/main.8c756e0d.chunk.css.map 200 960 - 0.828 ms
GET /static/js/2.3bab11b5.chunk.js.map 200 - - 1.223 ms
GET / 200 829 - 5.254 ms
GET /static/css/main.8c756e0d.chunk.css 200 558 - 4.037 ms
GET /static/js/main.7ada86aa.chunk.js 200 - - 6.161 ms
GET /static/js/runtime-main.af4f6429.js 200 - - 6.378 ms
GET /static/js/2.3bab11b5.chunk.js 200 - - 6.326 ms
GET /static/js/runtime-main.af4f6429.js.map 200 - - 1.026 ms
GET /static/js/main.7ada86aa.chunk.js.map 200 - - 1.117 ms
GET /static/css/main.8c756e0d.chunk.css.map 200 960 - 1.068 ms
GET /manifest.json 304 - - 0.652 ms
GET /favicon.ico 200 - - 0.838 ms
GET /logo192.png 304 - - 0.371 ms
POST /db 200 4 - 50.374 ms
GET /static/js/2.3bab11b5.chunk.js.map 200 - - 1.026 ms
GET / 200 829 - 5.428 ms
GET /static/css/main.8c756e0d.chunk.css 200 558 - 0.913 ms
GET /static/js/main.d9f0519e.chunk.js 200 - - 6.219 ms
GET /static/js/runtime-main.af4f6429.js 200 - - 5.618 ms
GET /static/js/2.3bab11b5.chunk.js 200 - - 5.126 ms
GET /static/js/runtime-main.af4f6429.js.map 200 - - 1.492 ms
GET /static/js/main.d9f0519e.chunk.js.map 200 - - 1.626 ms
GET /static/css/main.8c756e0d.chunk.css.map 200 960 - 0.951 ms
GET /manifest.json 304 - - 0.558 ms
GET /favicon.ico 200 - - 1.330 ms
GET /logo192.png 304 - - 0.606 ms
POST /db 200 4 - 53.697 ms
GET /static/js/2.3bab11b5.chunk.js.map 200 - - 1.091 ms
GET / 200 829 - 6.427 ms
GET /static/css/main.8c756e0d.chunk.css 200 558 - 3.946 ms
GET /static/js/main.31b36b52.chunk.js 200 - - 7.182 ms
GET /static/js/runtime-main.af4f6429.js 200 - - 7.286 ms
GET /static/js/2.3bab11b5.chunk.js 200 - - 8.516 ms
GET /manifest.json 304 - - 0.503 ms
GET /favicon.ico 200 - - 1.125 ms
GET /logo192.png 304 - - 0.389 ms
POST /db 200 4 - 52.541 ms
GET /static/js/runtime-main.af4f6429.js.map 200 - - 1.157 ms
GET /static/js/main.31b36b52.chunk.js.map 200 - - 1.137 ms
GET /static/css/main.8c756e0d.chunk.css.map 200 960 - 0.998 ms
GET /static/js/2.3bab11b5.chunk.js.map 200 - - 1.099 ms
GET / 200 829 - 5.194 ms
GET /static/css/main.8c756e0d.chunk.css 200 558 - 4.858 ms
GET /static/js/main.6e6acae2.chunk.js 200 - - 6.049 ms
GET /static/js/runtime-main.af4f6429.js 200 - - 5.270 ms
GET /static/js/2.3bab11b5.chunk.js 200 - - 5.046 ms
GET /static/js/runtime-main.af4f6429.js.map 200 - - 1.009 ms
GET /static/js/main.6e6acae2.chunk.js.map 200 - - 0.794 ms
GET /static/css/main.8c756e0d.chunk.css.map 200 960 - 1.414 ms
GET /manifest.json 304 - - 0.672 ms
GET /favicon.ico 200 - - 0.925 ms
POST /db 200 4 - 51.452 ms
GET /logo192.png 304 - - 0.435 ms
GET /static/js/2.3bab11b5.chunk.js.map 200 - - 1.124 ms
GET / 200 829 - 5.202 ms
GET /static/css/main.8c756e0d.chunk.css 200 558 - 6.096 ms
GET /static/js/runtime-main.af4f6429.js 200 - - 8.347 ms
GET /static/js/main.a13659eb.chunk.js 200 - - 7.541 ms
GET /static/js/2.3bab11b5.chunk.js 200 - - 6.896 ms
GET /static/js/runtime-main.af4f6429.js.map 200 - - 1.148 ms
GET /static/js/main.a13659eb.chunk.js.map 200 - - 1.306 ms
GET /static/css/main.8c756e0d.chunk.css.map 200 960 - 1.055 ms
GET /manifest.json 304 - - 0.578 ms
GET /favicon.ico 200 - - 1.423 ms
GET /logo192.png 304 - - 0.784 ms
POST /db 200 4 - 55.346 ms
GET /static/js/2.3bab11b5.chunk.js.map 200 - - 0.884 ms
GET / 200 829 - 5.420 ms
GET /static/css/main.8c756e0d.chunk.css 200 558 - 4.828 ms
GET /static/js/main.a13659eb.chunk.js 200 - - 5.669 ms
GET /static/js/runtime-main.af4f6429.js 200 - - 5.113 ms
GET /static/js/2.3bab11b5.chunk.js 200 - - 5.121 ms
GET /static/js/runtime-main.af4f6429.js.map 200 - - 1.247 ms
GET /static/js/main.a13659eb.chunk.js.map 200 - - 1.320 ms
GET /manifest.json 304 - - 1.110 ms
GET /static/css/main.8c756e0d.chunk.css.map 200 960 - 0.950 ms
GET /favicon.ico 200 - - 1.823 ms
POST /db 200 4 - 49.891 ms
GET /logo192.png 304 - - 5.146 ms
GET /static/js/2.3bab11b5.chunk.js.map 200 - - 1.325 ms
GET / 200 829 - 5.589 ms
GET /static/css/main.8c756e0d.chunk.css 200 558 - 2.963 ms
GET /static/js/main.aea93cc8.chunk.js 200 - - 5.012 ms
GET /static/js/runtime-main.af4f6429.js 200 - - 4.592 ms
GET /static/js/2.3bab11b5.chunk.js 200 - - 4.966 ms
GET /static/js/runtime-main.af4f6429.js.map 200 - - 1.150 ms
GET /static/js/main.aea93cc8.chunk.js.map 200 - - 1.111 ms
GET /static/css/main.8c756e0d.chunk.css.map 200 960 - 0.905 ms
GET /manifest.json 304 - - 0.778 ms
GET /favicon.ico 200 - - 2.432 ms
GET /logo192.png 304 - - 0.496 ms
GET /static/js/2.3bab11b5.chunk.js.map 200 - - 1.089 ms
POST /db 200 4 - 55.464 ms
GET / 200 829 - 5.584 ms
GET /static/css/main.8c756e0d.chunk.css 200 558 - 5.523 ms
GET /static/js/main.4c390420.chunk.js 200 - - 6.009 ms
GET /static/js/runtime-main.af4f6429.js 200 - - 6.431 ms
GET /static/js/2.3bab11b5.chunk.js 200 - - 7.090 ms
GET /static/js/runtime-main.af4f6429.js.map 200 - - 1.814 ms
GET /static/js/main.4c390420.chunk.js.map 200 - - 1.716 ms
GET /static/css/main.8c756e0d.chunk.css.map 200 960 - 2.178 ms
GET /manifest.json 304 - - 0.650 ms
GET /favicon.ico 200 - - 1.559 ms
POST /db 200 4 - 51.991 ms
GET /logo192.png 304 - - 0.518 ms
GET /static/js/2.3bab11b5.chunk.js.map 200 - - 1.958 ms
GET / 200 829 - 5.520 ms
GET /static/css/main.8c756e0d.chunk.css 200 558 - 2.886 ms
GET /static/js/main.1a2590c8.chunk.js 200 - - 7.138 ms
GET /static/js/runtime-main.af4f6429.js 200 - - 7.992 ms
GET /static/js/2.3bab11b5.chunk.js 200 - - 8.009 ms
GET /static/js/runtime-main.af4f6429.js.map 200 - - 1.064 ms
GET /static/js/main.1a2590c8.chunk.js.map 200 - - 0.835 ms
GET /manifest.json 304 - - 0.876 ms
GET /static/css/main.8c756e0d.chunk.css.map 200 960 - 1.032 ms
GET /favicon.ico 200 - - 1.155 ms
POST /db 200 4 - 56.981 ms
GET /static/js/2.3bab11b5.chunk.js.map 200 - - 1.212 ms
GET /logo192.png 304 - - 0.588 ms
GET / 200 829 - 5.795 ms
GET /static/css/main.8c756e0d.chunk.css 200 558 - 9.235 ms
GET /static/js/main.8f593902.chunk.js 200 - - 11.182 ms
GET /static/js/runtime-main.af4f6429.js 200 - - 8.736 ms
GET /static/js/2.3bab11b5.chunk.js 200 - - 10.504 ms
GET /static/css/main.8c756e0d.chunk.css.map 200 960 - 0.872 ms
GET /static/js/runtime-main.af4f6429.js.map 200 - - 0.754 ms
GET /manifest.json 304 - - 0.590 ms
GET /favicon.ico 200 - - 1.589 ms
GET /static/js/main.8f593902.chunk.js.map 200 - - 1.724 ms
GET /logo192.png 304 - - 0.446 ms
GET /static/js/2.3bab11b5.chunk.js.map 200 - - 1.771 ms
POST /db 200 4 - 50.125 ms
GET / 200 829 - 5.192 ms
GET /static/css/main.8c756e0d.chunk.css 200 558 - 3.303 ms
GET /static/js/runtime-main.af4f6429.js 200 - - 7.082 ms
GET /static/js/main.b036d168.chunk.js 200 - - 6.813 ms
GET /static/js/2.3bab11b5.chunk.js 200 - - 7.036 ms
GET /static/js/runtime-main.af4f6429.js.map 200 - - 1.206 ms
GET /static/js/main.b036d168.chunk.js.map 200 - - 1.797 ms
GET /manifest.json 304 - - 1.057 ms
GET /favicon.ico 200 - - 1.426 ms
GET /logo192.png 304 - - 0.533 ms
POST /db 200 4 - 50.217 ms
GET /static/css/main.8c756e0d.chunk.css.map 200 960 - 1.105 ms
GET /static/js/2.3bab11b5.chunk.js.map 200 - - 1.361 ms
GET / 304 - - 0.524 ms
GET /static/css/main.8c756e0d.chunk.css 304 - - 2.213 ms
GET /static/js/runtime-main.af4f6429.js 304 - - 2.059 ms
GET /static/js/2.3bab11b5.chunk.js 304 - - 2.534 ms
GET /static/js/main.b036d168.chunk.js 304 - - 3.058 ms
POST /db 200 4 - 24.316 ms
GET /static/js/runtime-main.af4f6429.js.map 304 - - 0.447 ms
GET /static/js/2.3bab11b5.chunk.js.map 304 - - 0.529 ms
GET /static/js/main.b036d168.chunk.js.map 304 - - 0.542 ms
GET /static/css/main.8c756e0d.chunk.css.map 304 - - 0.975 ms
GET /manifest.json 304 - - 0.511 ms
GET /favicon.ico 200 - - 1.353 ms
GET /logo192.png 304 - - 0.423 ms
GET / 200 829 - 7.887 ms
GET /static/css/main.8c756e0d.chunk.css 200 558 - 3.595 ms
GET /static/js/runtime-main.af4f6429.js 200 - - 6.030 ms
GET /static/js/main.b036d168.chunk.js 200 - - 5.736 ms
GET /static/js/2.3bab11b5.chunk.js 200 - - 5.625 ms
GET /static/js/runtime-main.af4f6429.js.map 200 - - 1.305 ms
GET /static/js/main.b036d168.chunk.js.map 200 - - 1.237 ms
GET /static/css/main.8c756e0d.chunk.css.map 200 960 - 0.918 ms
GET /manifest.json 304 - - 0.601 ms
GET /favicon.ico 200 - - 1.392 ms
POST /db 200 4 - 49.519 ms
GET /logo192.png 304 - - 0.553 ms
GET /static/js/2.3bab11b5.chunk.js.map 200 - - 1.287 ms
GET / 304 - - 0.735 ms
GET /static/css/main.8c756e0d.chunk.css 304 - - 1.344 ms
GET /static/js/main.b036d168.chunk.js 304 - - 2.732 ms
GET /static/js/runtime-main.af4f6429.js 304 - - 2.328 ms
GET /static/js/2.3bab11b5.chunk.js 304 - - 1.244 ms
GET /static/js/runtime-main.af4f6429.js.map 304 - - 1.609 ms
GET /static/js/2.3bab11b5.chunk.js.map 304 - - 1.369 ms
GET /static/js/main.b036d168.chunk.js.map 304 - - 1.251 ms
POST /db 200 4 - 30.093 ms
GET /static/css/main.8c756e0d.chunk.css.map 304 - - 0.437 ms
GET /manifest.json 304 - - 0.609 ms
GET /favicon.ico 200 - - 1.733 ms
GET /logo192.png 304 - - 0.409 ms
GET / 200 829 - 7.720 ms
GET /static/css/main.8c756e0d.chunk.css 200 558 - 6.368 ms
GET /static/js/runtime-main.af4f6429.js 200 - - 4.780 ms
GET /static/js/main.a9760812.chunk.js 200 - - 5.834 ms
GET /static/js/2.3bab11b5.chunk.js 200 - - 6.645 ms
GET /static/css/main.8c756e0d.chunk.css.map 200 960 - 0.988 ms
GET /manifest.json 304 - - 1.021 ms
GET /static/js/runtime-main.af4f6429.js.map 200 - - 2.672 ms
GET /favicon.ico 200 - - 2.421 ms
GET /static/js/main.a9760812.chunk.js.map 200 - - 2.724 ms
GET /logo192.png 304 - - 0.473 ms
POST /db 200 4 - 50.067 ms
GET /static/js/2.3bab11b5.chunk.js.map 200 - - 2.724 ms
GET / 200 829 - 5.925 ms
GET /static/css/main.8c756e0d.chunk.css 200 558 - 3.621 ms
GET /static/js/runtime-main.af4f6429.js 200 - - 5.544 ms
GET /static/js/main.b68e1b58.chunk.js 200 - - 5.641 ms
GET /static/js/2.3bab11b5.chunk.js 200 - - 5.454 ms
GET /static/js/runtime-main.af4f6429.js.map 200 - - 1.137 ms
GET /static/js/main.b68e1b58.chunk.js.map 200 - - 1.063 ms
GET /static/css/main.8c756e0d.chunk.css.map 200 960 - 0.909 ms
GET /manifest.json 304 - - 0.672 ms
GET /favicon.ico 200 - - 1.326 ms
GET /logo192.png 304 - - 0.659 ms
GET /static/js/2.3bab11b5.chunk.js.map 200 - - 1.096 ms
POST /db 200 4 - 50.576 ms
GET / 200 829 - 5.151 ms
GET /static/css/main.8c756e0d.chunk.css 200 558 - 2.596 ms
GET /static/js/main.a3181c2d.chunk.js 200 - - 5.006 ms
GET /static/js/runtime-main.af4f6429.js 200 - - 5.491 ms
GET /static/js/2.3bab11b5.chunk.js 200 - - 5.538 ms
GET /static/js/runtime-main.af4f6429.js.map 200 - - 1.332 ms
GET /static/js/main.a3181c2d.chunk.js.map 200 - - 1.231 ms
GET /static/css/main.8c756e0d.chunk.css.map 200 960 - 0.829 ms
GET /manifest.json 304 - - 0.984 ms
GET /favicon.ico 200 - - 1.245 ms
POST /db 200 4 - 44.704 ms
GET /logo192.png 304 - - 4.085 ms
GET /static/js/2.3bab11b5.chunk.js.map 200 - - 1.179 ms
GET / 200 829 - 5.297 ms
GET /static/css/main.8c756e0d.chunk.css 200 558 - 3.193 ms
GET /static/js/main.4b87ccaf.chunk.js 200 - - 4.460 ms
GET /static/js/runtime-main.af4f6429.js 200 - - 4.385 ms
GET /static/js/2.3bab11b5.chunk.js 200 - - 4.221 ms
GET /static/js/runtime-main.af4f6429.js.map 200 - - 1.876 ms
GET /static/js/main.4b87ccaf.chunk.js.map 200 - - 1.831 ms
GET /static/css/main.8c756e0d.chunk.css.map 200 960 - 1.622 ms
GET /manifest.json 304 - - 1.085 ms
GET /favicon.ico 200 - - 1.344 ms
GET /logo192.png 304 - - 0.355 ms
POST /db 200 4 - 48.532 ms
GET /static/js/2.3bab11b5.chunk.js.map 200 - - 1.837 ms
GET / 200 829 - 5.880 ms
GET /static/css/main.8c756e0d.chunk.css 200 558 - 3.652 ms
GET /static/js/runtime-main.af4f6429.js 200 - - 5.551 ms
GET /static/js/main.81119d74.chunk.js 200 - - 4.986 ms
GET /static/js/2.3bab11b5.chunk.js 200 - - 5.397 ms
GET /static/js/runtime-main.af4f6429.js.map 200 - - 1.319 ms
GET /static/js/main.81119d74.chunk.js.map 200 - - 1.152 ms
GET /static/css/main.8c756e0d.chunk.css.map 200 960 - 0.835 ms
GET /static/js/2.3bab11b5.chunk.js.map 200 - - 1.118 ms
GET /manifest.json 304 - - 0.812 ms
GET /favicon.ico 200 - - 1.010 ms
GET /logo192.png 304 - - 0.398 ms
GET / 200 829 - 5.489 ms
GET /static/css/main.8c756e0d.chunk.css 200 558 - 2.996 ms
GET /static/js/runtime-main.af4f6429.js 200 - - 5.712 ms
GET /static/js/main.8bcd5b90.chunk.js 200 - - 6.078 ms
GET /static/js/2.3bab11b5.chunk.js 200 - - 6.288 ms
GET /static/js/runtime-main.af4f6429.js.map 200 - - 1.220 ms
GET /static/js/main.8bcd5b90.chunk.js.map 200 - - 1.005 ms
GET /manifest.json 304 - - 1.008 ms
GET /static/css/main.8c756e0d.chunk.css.map 200 960 - 1.965 ms
GET /static/js/2.3bab11b5.chunk.js.map 200 - - 1.035 ms
GET /favicon.ico 200 - - 1.487 ms
GET /logo192.png 304 - - 0.481 ms
GET / 304 - - 0.323 ms
GET /static/css/main.8c756e0d.chunk.css 304 - - 1.237 ms
GET /static/js/runtime-main.af4f6429.js 304 - - 0.997 ms
GET /static/js/2.3bab11b5.chunk.js 304 - - 0.914 ms
GET /static/js/main.8bcd5b90.chunk.js 304 - - 0.899 ms
GET /static/js/runtime-main.af4f6429.js.map 304 - - 0.970 ms
GET /static/js/2.3bab11b5.chunk.js.map 304 - - 0.832 ms
GET /static/js/main.8bcd5b90.chunk.js.map 304 - - 0.784 ms
GET /manifest.json 304 - - 0.452 ms
GET /favicon.ico 200 - - 0.772 ms
GET /logo192.png 304 - - 0.371 ms
GET /static/css/main.8c756e0d.chunk.css.map 304 - - 0.480 ms
GET / 304 - - 0.442 ms
GET /static/css/main.8c756e0d.chunk.css 304 - - 1.247 ms
GET /static/js/runtime-main.af4f6429.js 304 - - 1.020 ms
GET /static/js/2.3bab11b5.chunk.js 304 - - 0.947 ms
GET /static/js/main.8bcd5b90.chunk.js 304 - - 0.959 ms
GET /static/js/runtime-main.af4f6429.js.map 304 - - 0.967 ms
GET /static/js/2.3bab11b5.chunk.js.map 304 - - 1.017 ms
GET /static/js/main.8bcd5b90.chunk.js.map 304 - - 0.927 ms
GET /manifest.json 304 - - 0.475 ms
GET /favicon.ico 200 - - 0.707 ms
GET /logo192.png 304 - - 0.497 ms
GET /static/css/main.8c756e0d.chunk.css.map 304 - - 0.394 ms
GET / 200 829 - 5.097 ms
GET /static/css/main.8c756e0d.chunk.css 200 558 - 3.832 ms
GET /static/js/runtime-main.af4f6429.js 200 - - 6.416 ms
GET /static/js/main.e28d5f7c.chunk.js 200 - - 6.800 ms
GET /static/js/2.3bab11b5.chunk.js 200 - - 6.504 ms
GET /static/js/runtime-main.af4f6429.js.map 200 - - 1.998 ms
GET /static/js/main.e28d5f7c.chunk.js.map 200 - - 1.849 ms
GET /static/css/main.8c756e0d.chunk.css.map 200 960 - 0.576 ms
GET /static/js/2.3bab11b5.chunk.js.map 200 - - 2.030 ms
GET /manifest.json 304 - - 1.081 ms
GET /favicon.ico 200 - - 1.404 ms
GET /logo192.png 304 - - 0.417 ms
GET /index.html?username=j1234&newUser=true 200 829 - 0.611 ms
GET /static/css/main.8c756e0d.chunk.css 304 - - 1.235 ms
GET /static/js/runtime-main.af4f6429.js 304 - - 1.071 ms
GET /static/js/2.3bab11b5.chunk.js 304 - - 0.955 ms
GET /static/js/main.e28d5f7c.chunk.js 304 - - 0.994 ms
GET /static/js/runtime-main.af4f6429.js.map 304 - - 0.854 ms
GET /static/js/2.3bab11b5.chunk.js.map 304 - - 0.814 ms
GET /static/js/main.e28d5f7c.chunk.js.map 304 - - 0.764 ms
GET /static/css/main.8c756e0d.chunk.css.map 304 - - 0.743 ms
GET /manifest.json 304 - - 0.767 ms
GET /logo192.png 304 - - 0.509 ms
GET /index.html?username=j1234&newUser=true 200 829 - 5.590 ms
GET /static/css/main.8c756e0d.chunk.css 200 558 - 3.089 ms
GET /static/js/runtime-main.af4f6429.js 200 - - 5.672 ms
GET /static/js/main.68e81a90.chunk.js 200 - - 5.423 ms
GET /static/js/2.3bab11b5.chunk.js 200 - - 5.232 ms
GET /index.html?username=j1234&newUser=true 304 - - 0.612 ms
GET /static/css/main.8c756e0d.chunk.css 304 - - 2.493 ms
GET /static/js/runtime-main.af4f6429.js 304 - - 2.304 ms
GET /static/js/2.3bab11b5.chunk.js 304 - - 2.153 ms
GET /static/js/main.68e81a90.chunk.js 304 - - 1.585 ms
GET /static/css/main.8c756e0d.chunk.css.map 200 960 - 0.927 ms
GET /static/js/runtime-main.af4f6429.js.map 200 - - 1.249 ms
GET /static/js/main.68e81a90.chunk.js.map 200 - - 1.364 ms
GET /static/js/2.3bab11b5.chunk.js.map 200 - - 1.291 ms
GET /manifest.json 304 - - 0.384 ms
GET /favicon.ico 200 - - 1.744 ms
GET /logo192.png 304 - - 0.405 ms
GET /index.html?username=j1234&newUser=true 200 829 - 5.557 ms
GET /static/css/main.8c756e0d.chunk.css 200 558 - 1.905 ms
GET /static/js/runtime-main.af4f6429.js 200 - - 4.938 ms
GET /static/js/main.e6ca343b.chunk.js 200 - - 1.753 ms
GET /static/js/2.3bab11b5.chunk.js 200 - - 5.649 ms
GET /static/css/main.8c756e0d.chunk.css.map 200 960 - 0.897 ms
GET /static/js/runtime-main.af4f6429.js.map 200 - - 1.433 ms
GET /static/js/main.e6ca343b.chunk.js.map 200 - - 1.538 ms
GET /static/js/2.3bab11b5.chunk.js.map 200 - - 1.389 ms
GET /manifest.json 304 - - 0.505 ms
GET /favicon.ico 200 - - 1.154 ms
GET /logo192.png 304 - - 0.370 ms
GET /index.html?username=j1234&newUser=false 200 829 - 1.135 ms
GET /static/css/main.8c756e0d.chunk.css 304 - - 2.677 ms
GET /static/js/runtime-main.af4f6429.js 304 - - 2.455 ms
GET /static/js/2.3bab11b5.chunk.js 304 - - 1.960 ms
GET /static/js/main.e6ca343b.chunk.js 304 - - 1.795 ms
GET /static/js/runtime-main.af4f6429.js.map 304 - - 0.641 ms
GET /static/js/2.3bab11b5.chunk.js.map 304 - - 0.599 ms
GET /static/js/main.e6ca343b.chunk.js.map 304 - - 0.558 ms
GET /static/css/main.8c756e0d.chunk.css.map 304 - - 0.556 ms
GET /manifest.json 304 - - 0.320 ms
POST /db 200 72 - 43.487 ms
GET /logo192.png 304 - - 0.457 ms
GET /index.html?username=j1234&newUser=false 304 - - 0.369 ms
GET /static/css/main.8c756e0d.chunk.css 304 - - 0.877 ms
GET /static/js/runtime-main.af4f6429.js 304 - - 1.084 ms
GET /static/js/2.3bab11b5.chunk.js 304 - - 0.943 ms
GET /static/js/main.e6ca343b.chunk.js 304 - - 0.524 ms
GET /static/js/runtime-main.af4f6429.js.map 304 - - 0.440 ms
GET /static/js/2.3bab11b5.chunk.js.map 304 - - 0.800 ms
GET /static/js/main.e6ca343b.chunk.js.map 304 - - 0.721 ms
POST /db 200 72 - 29.325 ms
GET /static/css/main.8c756e0d.chunk.css.map 304 - - 0.683 ms
GET /manifest.json 304 - - 0.670 ms
GET /favicon.ico 200 - - 1.815 ms
GET /logo192.png 304 - - 0.292 ms
GET /index.html?username=j1234&newUser=false 200 829 - 5.534 ms
GET /static/css/main.8c756e0d.chunk.css 200 558 - 0.842 ms
GET /static/js/runtime-main.af4f6429.js 200 - - 4.185 ms
GET /static/js/main.7ac93c72.chunk.js 200 - - 5.769 ms
GET /static/js/2.3bab11b5.chunk.js 200 - - 4.375 ms
GET /static/js/runtime-main.af4f6429.js.map 200 - - 1.287 ms
GET /static/js/main.7ac93c72.chunk.js.map 200 - - 1.034 ms
GET /manifest.json 304 - - 0.564 ms
GET /static/css/main.8c756e0d.chunk.css.map 200 960 - 2.134 ms
GET /favicon.ico 200 - - 1.863 ms
POST /db 200 72 - 47.985 ms
GET /logo192.png 304 - - 0.419 ms
GET /static/js/2.3bab11b5.chunk.js.map 200 - - 1.224 ms
GET /index.html?username=j1234&newUser=false 200 829 - 5.568 ms
GET /static/css/main.8c756e0d.chunk.css 200 558 - 2.552 ms
GET /static/js/main.0dbf2bc7.chunk.js 200 - - 5.927 ms
GET /static/js/runtime-main.af4f6429.js 200 - - 6.146 ms
GET /static/js/2.3bab11b5.chunk.js 200 - - 6.083 ms
GET /static/js/runtime-main.af4f6429.js.map 200 - - 1.145 ms
GET /static/js/main.0dbf2bc7.chunk.js.map 200 - - 1.495 ms
GET /static/css/main.8c756e0d.chunk.css.map 200 960 - 0.823 ms
GET /manifest.json 304 - - 0.841 ms
GET /favicon.ico 200 - - 1.140 ms
POST /db 200 72 - 45.659 ms
GET /logo192.png 304 - - 4.513 ms
GET /static/js/2.3bab11b5.chunk.js.map 200 - - 1.180 ms
GET /index.html?username=j1234&newUser=false 200 829 - 5.514 ms
GET /static/css/main.8c756e0d.chunk.css 200 558 - 3.006 ms
GET /static/js/main.fc521ac5.chunk.js 200 - - 4.842 ms
GET /static/js/runtime-main.af4f6429.js 200 - - 4.969 ms
GET /static/js/2.3bab11b5.chunk.js 200 - - 4.780 ms
GET /static/js/runtime-main.af4f6429.js.map 200 - - 1.924 ms
GET /static/js/main.fc521ac5.chunk.js.map 200 - - 2.064 ms
GET /static/css/main.8c756e0d.chunk.css.map 200 960 - 1.326 ms
GET /manifest.json 304 - - 0.768 ms
GET /favicon.ico 200 - - 1.552 ms
GET /logo192.png 304 - - 1.182 ms
POST /db 200 72 - 56.843 ms
GET /static/js/2.3bab11b5.chunk.js.map 200 - - 1.444 ms
POST /add 200 311 - 40.979 ms
GET /index.html?username=j1234&newUser=false 200 829 - 5.143 ms
GET /static/css/main.8c756e0d.chunk.css 200 558 - 1.796 ms
GET /static/js/runtime-main.af4f6429.js 200 - - 5.730 ms
GET /static/js/main.8e315fe2.chunk.js 200 - - 1.973 ms
GET /static/js/2.3bab11b5.chunk.js 200 - - 6.267 ms
GET /static/js/runtime-main.af4f6429.js.map 200 - - 1.250 ms
GET /static/js/main.8e315fe2.chunk.js.map 200 - - 1.152 ms
GET /manifest.json 304 - - 0.695 ms
GET /favicon.ico 200 - - 1.924 ms
GET /static/css/main.8c756e0d.chunk.css.map 200 960 - 1.353 ms
POST /db 200 - - 52.399 ms
GET /logo192.png 304 - - 0.698 ms
GET /static/js/2.3bab11b5.chunk.js.map 200 - - 1.095 ms
GET /index.html?username=j1234&newUser=false 200 829 - 5.307 ms
GET /static/css/main.8c756e0d.chunk.css 200 558 - 4.292 ms
GET /static/js/runtime-main.af4f6429.js 200 - - 6.022 ms
GET /static/js/main.ba371bf6.chunk.js 200 - - 5.196 ms
GET /static/js/2.3bab11b5.chunk.js 200 - - 4.962 ms
GET /static/js/runtime-main.af4f6429.js.map 200 - - 1.101 ms
GET /static/js/main.ba371bf6.chunk.js.map 200 - - 0.821 ms
GET /static/css/main.8c756e0d.chunk.css.map 200 960 - 0.759 ms
GET /manifest.json 304 - - 0.754 ms
GET /favicon.ico 200 - - 1.629 ms
GET /logo192.png 304 - - 0.724 ms
POST /db 200 - - 50.693 ms
GET /static/js/2.3bab11b5.chunk.js.map 200 - - 1.238 ms
POST /add 200 - - 41.958 ms
GET /index.html?username=j1234&newUser=false 304 - - 0.521 ms
GET /static/css/main.8c756e0d.chunk.css 304 - - 1.817 ms
GET /static/js/runtime-main.af4f6429.js 304 - - 1.711 ms
GET /static/js/2.3bab11b5.chunk.js 304 - - 1.580 ms
GET /static/js/main.ba371bf6.chunk.js 304 - - 1.451 ms
GET /static/js/runtime-main.af4f6429.js.map 304 - - 0.875 ms
GET /static/js/2.3bab11b5.chunk.js.map 304 - - 0.869 ms
GET /static/js/main.ba371bf6.chunk.js.map 304 - - 0.861 ms
GET /static/css/main.8c756e0d.chunk.css.map 304 - - 0.490 ms
POST /db 200 - - 28.935 ms
GET /manifest.json 304 - - 0.431 ms
GET /favicon.ico 200 - - 1.336 ms
GET /logo192.png 304 - - 0.433 ms
POST /add 200 - - 31.392 ms
POST /add 200 - - 34.223 ms
GET /index.html?username=j1234&newUser=false 304 - - 0.299 ms
GET /static/css/main.8c756e0d.chunk.css 304 - - 0.910 ms
GET /static/js/runtime-main.af4f6429.js 304 - - 0.785 ms
GET /static/js/2.3bab11b5.chunk.js 304 - - 0.660 ms
GET /static/js/main.ba371bf6.chunk.js 304 - - 0.621 ms
GET /static/js/runtime-main.af4f6429.js.map 304 - - 1.225 ms
GET /static/js/2.3bab11b5.chunk.js.map 304 - - 1.094 ms
GET /static/js/main.ba371bf6.chunk.js.map 304 - - 0.999 ms
POST /db 200 - - 23.438 ms
GET /static/css/main.8c756e0d.chunk.css.map 304 - - 0.937 ms
GET /manifest.json 304 - - 0.923 ms
GET /favicon.ico 200 - - 2.329 ms
GET /logo192.png 304 - - 0.349 ms
GET /index.html?username=j1234&newUser=false 200 829 - 5.551 ms
GET /static/css/main.8c756e0d.chunk.css 200 558 - 2.691 ms
GET /static/js/runtime-main.af4f6429.js 200 - - 4.187 ms
GET /static/js/main.5f482c82.chunk.js 200 - - 4.421 ms
GET /static/js/2.3bab11b5.chunk.js 200 - - 4.372 ms
GET /static/js/runtime-main.af4f6429.js.map 200 - - 1.106 ms
GET /static/js/main.5f482c82.chunk.js.map 200 - - 1.005 ms
GET /static/css/main.8c756e0d.chunk.css.map 200 960 - 0.864 ms
GET /manifest.json 304 - - 0.741 ms
GET /favicon.ico 200 - - 0.896 ms
GET /logo192.png 304 - - 0.374 ms
POST /db 200 - - 45.716 ms
GET /static/js/2.3bab11b5.chunk.js.map 200 - - 0.962 ms
POST /add 200 - - 41.776 ms
GET /index.html?username=j1234&newUser=false 304 - - 0.340 ms
GET /static/css/main.8c756e0d.chunk.css 304 - - 0.841 ms
GET /static/js/runtime-main.af4f6429.js 304 - - 0.949 ms
GET /static/js/2.3bab11b5.chunk.js 304 - - 0.851 ms
GET /static/js/main.5f482c82.chunk.js 304 - - 0.754 ms
GET /static/css/main.8c756e0d.chunk.css.map 304 - - 0.443 ms
GET /static/js/runtime-main.af4f6429.js.map 304 - - 0.391 ms
GET /static/js/2.3bab11b5.chunk.js.map 304 - - 0.480 ms
GET /static/js/main.5f482c82.chunk.js.map 304 - - 0.470 ms
GET /manifest.json 304 - - 0.249 ms
GET /favicon.ico 200 - - 0.835 ms
GET /logo192.png 304 - - 0.565 ms
POST /db 200 - - 28.290 ms
GET /index.html?username=j1234&newUser=false 200 829 - 5.426 ms
GET /static/css/main.8c756e0d.chunk.css 200 558 - 2.572 ms
GET /static/js/runtime-main.af4f6429.js 200 - - 5.014 ms
GET /static/js/main.1b4b4ab8.chunk.js 200 - - 5.048 ms
GET /static/js/2.3bab11b5.chunk.js 200 - - 5.037 ms
GET /static/js/runtime-main.af4f6429.js.map 200 - - 1.171 ms
GET /static/js/main.1b4b4ab8.chunk.js.map 200 - - 1.107 ms
GET /static/css/main.8c756e0d.chunk.css.map 200 960 - 0.754 ms
GET /manifest.json 304 - - 1.756 ms
GET /favicon.ico 200 - - 2.618 ms
GET /logo192.png 304 - - 0.548 ms
GET /static/js/2.3bab11b5.chunk.js.map 200 - - 1.153 ms
POST /db 200 - - 51.878 ms
GET /index.html 200 829 - 0.579 ms
GET /static/css/main.8c756e0d.chunk.css 304 - - 0.521 ms
GET /static/js/runtime-main.af4f6429.js 304 - - 1.108 ms
GET /static/js/2.3bab11b5.chunk.js 304 - - 0.919 ms
GET /static/js/main.1b4b4ab8.chunk.js 304 - - 0.798 ms
GET /static/js/runtime-main.af4f6429.js.map 304 - - 0.633 ms
GET /static/js/2.3bab11b5.chunk.js.map 304 - - 0.594 ms
GET /static/js/main.1b4b4ab8.chunk.js.map 304 - - 0.553 ms
GET /static/css/main.8c756e0d.chunk.css.map 304 - - 1.178 ms
POST /db 200 4 - 32.119 ms
GET /manifest.json 304 - - 0.429 ms
GET /logo192.png 304 - - 0.331 ms
GET /index.html? 200 829 - 0.509 ms
GET /static/css/main.8c756e0d.chunk.css 304 - - 0.622 ms
GET /static/js/runtime-main.af4f6429.js 304 - - 0.964 ms
GET /static/js/2.3bab11b5.chunk.js 304 - - 0.848 ms
GET /static/js/main.1b4b4ab8.chunk.js 304 - - 0.810 ms
GET /static/css/main.8c756e0d.chunk.css.map 304 - - 0.393 ms
GET /static/js/runtime-main.af4f6429.js.map 304 - - 0.370 ms
GET /static/js/2.3bab11b5.chunk.js.map 304 - - 0.400 ms
GET /static/js/main.1b4b4ab8.chunk.js.map 304 - - 0.426 ms
GET /manifest.json 304 - - 0.434 ms
POST /db 200 4 - 28.522 ms
GET /logo192.png 304 - - 0.449 ms
POST /verify 200 104 - 86.727 ms
GET /index.html?username=newasdf&newUser=true 200 829 - 0.674 ms
GET /static/css/main.8c756e0d.chunk.css 304 - - 0.767 ms
GET /static/js/runtime-main.af4f6429.js 304 - - 1.594 ms
GET /static/js/2.3bab11b5.chunk.js 304 - - 0.872 ms
GET /static/js/main.1b4b4ab8.chunk.js 304 - - 0.773 ms
GET /static/css/main.8c756e0d.chunk.css.map 304 - - 0.345 ms
GET /static/js/runtime-main.af4f6429.js.map 304 - - 0.538 ms
GET /static/js/2.3bab11b5.chunk.js.map 304 - - 0.581 ms
GET /static/js/main.1b4b4ab8.chunk.js.map 304 - - 0.385 ms
GET /manifest.json 304 - - 0.528 ms
GET /logo192.png 304 - - 0.345 ms
GET /index.html?username=newasdf&newUser=true 304 - - 0.349 ms
GET /static/css/main.8c756e0d.chunk.css 304 - - 1.030 ms
GET /static/js/runtime-main.af4f6429.js 304 - - 3.380 ms
GET /static/js/main.1b4b4ab8.chunk.js 304 - - 2.091 ms
GET /static/js/2.3bab11b5.chunk.js 304 - - 1.206 ms
GET /static/js/runtime-main.af4f6429.js.map 304 - - 1.009 ms
GET /static/js/2.3bab11b5.chunk.js.map 304 - - 0.952 ms
GET /static/js/main.1b4b4ab8.chunk.js.map 304 - - 1.507 ms
GET /static/css/main.8c756e0d.chunk.css.map 304 - - 0.588 ms
GET /manifest.json 304 - - 0.356 ms
GET /favicon.ico 200 - - 0.847 ms
GET /logo192.png 304 - - 0.454 ms
GET /index.html?username=newasdf&newUser=true 200 829 - 5.057 ms
GET /static/css/main.8c756e0d.chunk.css 200 558 - 3.550 ms
GET /static/js/runtime-main.af4f6429.js 200 - - 5.913 ms
GET /static/js/main.5bc146d0.chunk.js 200 - - 5.907 ms
GET /static/js/2.3bab11b5.chunk.js 200 - - 5.806 ms
GET /static/css/main.8c756e0d.chunk.css.map 200 960 - 1.605 ms
GET /static/js/runtime-main.af4f6429.js.map 200 - - 1.714 ms
GET /static/js/main.5bc146d0.chunk.js.map 200 - - 1.731 ms
GET /static/js/2.3bab11b5.chunk.js.map 200 - - 1.801 ms
GET /manifest.json 304 - - 0.494 ms
GET /favicon.ico 200 - - 1.256 ms
GET /logo192.png 304 - - 0.419 ms
POST /db 200 76 - 59.724 ms
POST /add 200 315 - 42.910 ms
GET /index.html?username=newasdf&newUser=true 304 - - 0.511 ms
GET /static/css/main.8c756e0d.chunk.css 304 - - 2.074 ms
GET /static/js/runtime-main.af4f6429.js 304 - - 2.497 ms
GET /static/js/2.3bab11b5.chunk.js 304 - - 2.172 ms
GET /static/js/main.5bc146d0.chunk.js 304 - - 0.558 ms
GET /static/js/runtime-main.af4f6429.js.map 304 - - 0.913 ms
GET /static/js/2.3bab11b5.chunk.js.map 304 - - 0.835 ms
GET /static/js/main.5bc146d0.chunk.js.map 304 - - 0.788 ms
GET /static/css/main.8c756e0d.chunk.css.map 304 - - 0.702 ms
GET /manifest.json 304 - - 0.424 ms
GET /favicon.ico 200 - - 1.161 ms
GET /logo192.png 304 - - 0.384 ms
POST /db 200 - - 31.341 ms
GET /index.html/ 404 150 - 2.183 ms
GET /index.html 200 829 - 0.628 ms
GET /static/css/main.8c756e0d.chunk.css 304 - - 1.062 ms
GET /static/js/runtime-main.af4f6429.js 304 - - 0.754 ms
GET /static/js/2.3bab11b5.chunk.js 304 - - 0.945 ms
GET /static/js/main.5bc146d0.chunk.js 304 - - 1.049 ms
GET /static/js/runtime-main.af4f6429.js.map 304 - - 0.776 ms
GET /static/js/2.3bab11b5.chunk.js.map 304 - - 0.655 ms
GET /static/js/main.5bc146d0.chunk.js.map 304 - - 0.691 ms
GET /static/css/main.8c756e0d.chunk.css.map 304 - - 1.568 ms
GET /manifest.json 304 - - 0.377 ms
POST /db 200 4 - 33.687 ms
GET /logo192.png 304 - - 0.444 ms
POST /verify 200 104 - 85.648 ms
GET /index.html?username=new1234&newUser=true 200 829 - 0.976 ms
GET /static/css/main.8c756e0d.chunk.css 304 - - 1.378 ms
GET /static/js/runtime-main.af4f6429.js 304 - - 1.166 ms
GET /static/js/2.3bab11b5.chunk.js 304 - - 1.289 ms
GET /static/js/main.5bc146d0.chunk.js 304 - - 0.586 ms
GET /static/js/runtime-main.af4f6429.js.map 304 - - 0.530 ms
GET /static/js/2.3bab11b5.chunk.js.map 304 - - 0.442 ms
GET /static/js/main.5bc146d0.chunk.js.map 304 - - 0.491 ms
GET /static/css/main.8c756e0d.chunk.css.map 304 - - 0.480 ms
GET /manifest.json 304 - - 0.365 ms
GET /logo192.png 304 - - 0.354 ms
POST /db 200 76 - 41.495 ms
POST /add 200 315 - 38.265 ms
GET /index.html?username=new1234&newUser=true 304 - - 0.394 ms
GET /static/css/main.8c756e0d.chunk.css 304 - - 1.609 ms
GET /static/js/runtime-main.af4f6429.js 304 - - 1.685 ms
GET /static/js/2.3bab11b5.chunk.js 304 - - 1.816 ms
GET /static/js/main.5bc146d0.chunk.js 304 - - 0.623 ms
GET /static/js/runtime-main.af4f6429.js.map 304 - - 1.090 ms
GET /static/js/2.3bab11b5.chunk.js.map 304 - - 0.926 ms
GET /static/js/main.5bc146d0.chunk.js.map 304 - - 1.002 ms
GET /static/css/main.8c756e0d.chunk.css.map 304 - - 1.037 ms
GET /manifest.json 304 - - 0.323 ms
GET /favicon.ico 200 - - 1.178 ms
GET /logo192.png 304 - - 0.399 ms
POST /db 200 - - 30.037 ms
GET /index.html?username=new1234&newUser=true 200 829 - 5.189 ms
GET /static/css/main.8c756e0d.chunk.css 200 558 - 1.150 ms
GET /static/js/runtime-main.af4f6429.js 200 - - 3.790 ms
GET /static/js/main.cb88ef23.chunk.js 200 - - 1.650 ms
GET /static/js/2.3bab11b5.chunk.js 200 - - 1.581 ms
GET /static/css/main.8c756e0d.chunk.css.map 200 960 - 1.952 ms
GET /static/js/runtime-main.af4f6429.js.map 200 - - 1.517 ms
GET /static/js/main.cb88ef23.chunk.js.map 200 - - 1.572 ms
GET /static/js/2.3bab11b5.chunk.js.map 200 - - 1.694 ms
GET /manifest.json 304 - - 0.453 ms
GET /favicon.ico 200 - - 1.134 ms
GET /logo192.png 304 - - 0.343 ms
POST /db 200 - - 57.138 ms
GET /index.html 200 829 - 0.809 ms
GET /static/css/main.8c756e0d.chunk.css 304 - - 1.887 ms
GET /static/js/runtime-main.af4f6429.js 304 - - 1.430 ms
GET /static/js/2.3bab11b5.chunk.js 304 - - 0.535 ms
GET /static/js/main.cb88ef23.chunk.js 304 - - 1.585 ms
GET /static/js/runtime-main.af4f6429.js.map 304 - - 0.419 ms
GET /static/js/2.3bab11b5.chunk.js.map 304 - - 0.378 ms
GET /static/js/main.cb88ef23.chunk.js.map 304 - - 0.393 ms
GET /static/css/main.8c756e0d.chunk.css.map 304 - - 0.437 ms
GET /manifest.json 304 - - 0.401 ms
POST /db 200 4 - 31.830 ms
GET /logo192.png 304 - - 0.418 ms
POST /verify 200 - - 27.368 ms
GET /index.html?username=new1234&newUser=false 200 829 - 0.794 ms
GET /static/css/main.8c756e0d.chunk.css 304 - - 0.639 ms
GET /static/js/runtime-main.af4f6429.js 304 - - 0.409 ms
GET /static/js/main.cb88ef23.chunk.js 304 - - 0.649 ms
GET /static/js/2.3bab11b5.chunk.js 304 - - 0.565 ms
GET /static/js/runtime-main.af4f6429.js.map 304 - - 0.444 ms
GET /static/js/2.3bab11b5.chunk.js.map 304 - - 0.367 ms
GET /static/js/main.cb88ef23.chunk.js.map 304 - - 0.446 ms
GET /static/css/main.8c756e0d.chunk.css.map 304 - - 0.379 ms
POST /db 200 - - 24.591 ms
GET /manifest.json 304 - - 0.341 ms
GET /logo192.png 304 - - 0.347 ms
